# JRE version: Java(TM) SE Runtime Environment (8.0_212-b10) (build 1.8.0_212-b10)
# Java VM: Java HotSpot(TM) 64-Bit Server VM (25.212-b10 mixed mode windows-amd64 compressed oops)
Heap:
 PSYoungGen      total 71680K, used 15176K [0x0000000770400000, 0x0000000775400000, 0x00000007c0000000)
  eden space 61440K, 24% used [0x0000000770400000,0x00000007712d2060,0x0000000774000000)
  from space 10240K, 0% used [0x0000000774a00000,0x0000000774a00000,0x0000000775400000)
  to   space 10240K, 0% used [0x0000000774000000,0x0000000774000000,0x0000000774a00000)
 ParOldGen       total 113664K, used 33597K [0x00000006d0c00000, 0x00000006d7b00000, 0x0000000770400000)
  object space 113664K, 29% used [0x00000006d0c00000,0x00000006d2ccf748,0x00000006d7b00000)
 Metaspace       used 20715K, capacity 22042K, committed 22272K, reserved 1069056K
  class space    used 2996K, capacity 3265K, committed 3328K, reserved 1048576K
GC Heap History (6 events):
Event: 3.381 GC heap before
{Heap before GC invocations=1 (full 0):
 PSYoungGen      total 71680K, used 61319K [0x0000000770400000, 0x0000000775400000, 0x00000007c0000000)
  eden space 61440K, 99% used [0x0000000770400000,0x0000000773fe1db0,0x0000000774000000)
  from space 10240K, 0% used [0x0000000774a00000,0x0000000774a00000,0x0000000775400000)
  to   space 10240K, 0% used [0x0000000774000000,0x0000000774000000,0x0000000774a00000)
 ParOldGen       total 163840K, used 0K [0x00000006d0c00000, 0x00000006dac00000, 0x0000000770400000)
  object space 163840K, 0% used [0x00000006d0c00000,0x00000006d0c00000,0x00000006dac00000)
 Metaspace       used 16949K, capacity 17552K, committed 17664K, reserved 1064960K
  class space    used 2321K, capacity 2512K, committed 2560K, reserved 1048576K
Event: 3.396 GC heap after
Heap after GC invocations=1 (full 0):
 PSYoungGen      total 71680K, used 8168K [0x0000000770400000, 0x0000000775400000, 0x00000007c0000000)
  eden space 61440K, 0% used [0x0000000770400000,0x0000000770400000,0x0000000774000000)
  from space 10240K, 79% used [0x0000000774000000,0x00000007747fa0b0,0x0000000774a00000)
  to   space 10240K, 0% used [0x0000000774a00000,0x0000000774a00000,0x0000000775400000)
 ParOldGen       total 163840K, used 9039K [0x00000006d0c00000, 0x00000006dac00000, 0x0000000770400000)
  object space 163840K, 5% used [0x00000006d0c00000,0x00000006d14d3c50,0x00000006dac00000)
 Metaspace       used 16949K, capacity 17552K, committed 17664K, reserved 1064960K
  class space    used 2321K, capacity 2512K, committed 2560K, reserved 1048576K
}
Event: 9.582 GC heap before
{Heap before GC invocations=2 (full 0):
 PSYoungGen      total 71680K, used 47941K [0x0000000770400000, 0x0000000775400000, 0x00000007c0000000)
  eden space 61440K, 64% used [0x0000000770400000,0x0000000772ad7648,0x0000000774000000)
  from space 10240K, 79% used [0x0000000774000000,0x00000007747fa0b0,0x0000000774a00000)
  to   space 10240K, 0% used [0x0000000774a00000,0x0000000774a00000,0x0000000775400000)
 ParOldGen       total 163840K, used 9039K [0x00000006d0c00000, 0x00000006dac00000, 0x0000000770400000)
  object space 163840K, 5% used [0x00000006d0c00000,0x00000006d14d3c50,0x00000006dac00000)
 Metaspace       used 20077K, capacity 21232K, committed 21296K, reserved 1067008K
  class space    used 2894K, capacity 3146K, committed 3200K, reserved 1048576K
Event: 9.597 GC heap after
Heap after GC invocations=2 (full 0):
 PSYoungGen      total 71680K, used 10237K [0x0000000770400000, 0x0000000775400000, 0x00000007c0000000)
  eden space 61440K, 0% used [0x0000000770400000,0x0000000770400000,0x0000000774000000)
  from space 10240K, 99% used [0x0000000774a00000,0x00000007753ff4c0,0x0000000775400000)
  to   space 10240K, 0% used [0x0000000774000000,0x0000000774000000,0x0000000774a00000)
 ParOldGen       total 163840K, used 25540K [0x00000006d0c00000, 0x00000006dac00000, 0x0000000770400000)
  object space 163840K, 15% used [0x00000006d0c00000,0x00000006d24f1230,0x00000006dac00000)
 Metaspace       used 20077K, capacity 21232K, committed 21296K, reserved 1067008K
  class space    used 2894K, capacity 3146K, committed 3200K, reserved 1048576K
}
Event: 9.597 GC heap before
{Heap before GC invocations=3 (full 1):
 PSYoungGen      total 71680K, used 10237K [0x0000000770400000, 0x0000000775400000, 0x00000007c0000000)
  eden space 61440K, 0% used [0x0000000770400000,0x0000000770400000,0x0000000774000000)
  from space 10240K, 99% used [0x0000000774a00000,0x00000007753ff4c0,0x0000000775400000)
  to   space 10240K, 0% used [0x0000000774000000,0x0000000774000000,0x0000000774a00000)
 ParOldGen       total 163840K, used 25540K [0x00000006d0c00000, 0x00000006dac00000, 0x0000000770400000)
  object space 163840K, 15% used [0x00000006d0c00000,0x00000006d24f1230,0x00000006dac00000)
 Metaspace       used 20077K, capacity 21232K, committed 21296K, reserved 1067008K
  class space    used 2894K, capacity 3146K, committed 3200K, reserved 1048576K
Event: 9.646 GC heap after
Heap after GC invocations=3 (full 1):
 PSYoungGen      total 71680K, used 0K [0x0000000770400000, 0x0000000775400000, 0x00000007c0000000)
  eden space 61440K, 0% used [0x0000000770400000,0x0000000770400000,0x0000000774000000)
  from space 10240K, 0% used [0x0000000774a00000,0x0000000774a00000,0x0000000775400000)
  to   space 10240K, 0% used [0x0000000774000000,0x0000000774000000,0x0000000774a00000)
 ParOldGen       total 113664K, used 33597K [0x00000006d0c00000, 0x00000006d7b00000, 0x0000000770400000)
  object space 113664K, 29% used [0x00000006d0c00000,0x00000006d2ccf748,0x00000006d7b00000)
 Metaspace       used 20077K, capacity 21232K, committed 21296K, reserved 1067008K
  class space    used 2894K, capacity 3146K, committed 3200K, reserved 1048576K
}

